<?xml version="1.0" encoding="UTF-8"?>
<!-- Generated by org.testng.reporters.JUnitXMLReporter -->
<testsuite hostname="SaurabhGupta" ignored="0" name="ClientContactInfo1" tests="1" failures="1" timestamp="2020-04-27T10:02:18 IST" time="0.021" errors="0">
  <testcase name="AddContact" time="0.019" classname="TestCases.ClientContactInfo1">
    <failure type="org.testng.internal.reflect.MethodMatcherException" message="
[public void TestCases.ClientContactInfo1.AddContact(java.lang.String,java.lang.String,java.lang.String,java.lang.String,java.lang.String,java.lang.String,java.lang.String,java.lang.String,java.lang.String,java.lang.String,java.lang.String,java.lang.String,java.lang.String,java.lang.String,java.lang.String,java.lang.String,java.lang.String,java.lang.String) throws java.lang.InterruptedException] has no parameters defined but was found to be using a data provider (either explicitly specified or inherited from class level annotation).
Data provider mismatch
Method: AddContact([Parameter{index=0, type=java.lang.String, declaredAnnotations=[]}, Parameter{index=1, type=java.lang.String, declaredAnnotations=[]}, Parameter{index=2, type=java.lang.String, declaredAnnotations=[]}, Parameter{index=3, type=java.lang.String, declaredAnnotations=[]}, Parameter{index=4, type=java.lang.String, declaredAnnotations=[]}, Parameter{index=5, type=java.lang.String, declaredAnnotations=[]}, Parameter{index=6, type=java.lang.String, declaredAnnotations=[]}, Parameter{index=7, type=java.lang.String, declaredAnnotations=[]}, Parameter{index=8, type=java.lang.String, declaredAnnotations=[]}, Parameter{index=9, type=java.lang.String, declaredAnnotations=[]}, Parameter{index=10, type=java.lang.String, declaredAnnotations=[]}, Parameter{index=11, type=java.lang.String, declaredAnnotations=[]}, Parameter{index=12, type=java.lang.String, declaredAnnotations=[]}, Parameter{index=13, type=java.lang.String, declaredAnnotations=[]}, Parameter{index=14, type=java.lang.String, declaredAnnotations=[]}, Parameter{index=15, type=java.lang.String, declaredAnnotations=[]}, Parameter{index=16, type=java.lang.String, declaredAnnotations=[]}, Parameter{index=17, type=java.lang.String, declaredAnnotations=[]}])
Arguments: [(java.lang.String) Frank,(java.lang.String) Scale,(java.lang.String) Mr.,(java.lang.String) 9.999988888E9,(java.lang.String) 8.888877777E9,(java.lang.String) Shubham@gmail.com,(java.lang.String) Ring Road,(java.lang.String) New Jersey,(java.lang.String) New Jersey,(java.lang.String) United States,(java.lang.String) 110001.0,(java.lang.String) CEO,(java.lang.String) 7.777766666E9,(java.lang.String) HRO,(java.lang.String) T.Kelly,(java.lang.String) Scale: 2,(java.lang.String) Testing Sample,(java.lang.String) P&amp;amp;G,(java.lang.String) T&amp;amp;G,(java.lang.String) ]">
      <![CDATA[org.testng.internal.reflect.MethodMatcherException: 
[public void TestCases.ClientContactInfo1.AddContact(java.lang.String,java.lang.String,java.lang.String,java.lang.String,java.lang.String,java.lang.String,java.lang.String,java.lang.String,java.lang.String,java.lang.String,java.lang.String,java.lang.String,java.lang.String,java.lang.String,java.lang.String,java.lang.String,java.lang.String,java.lang.String) throws java.lang.InterruptedException] has no parameters defined but was found to be using a data provider (either explicitly specified or inherited from class level annotation).
Data provider mismatch
Method: AddContact([Parameter{index=0, type=java.lang.String, declaredAnnotations=[]}, Parameter{index=1, type=java.lang.String, declaredAnnotations=[]}, Parameter{index=2, type=java.lang.String, declaredAnnotations=[]}, Parameter{index=3, type=java.lang.String, declaredAnnotations=[]}, Parameter{index=4, type=java.lang.String, declaredAnnotations=[]}, Parameter{index=5, type=java.lang.String, declaredAnnotations=[]}, Parameter{index=6, type=java.lang.String, declaredAnnotations=[]}, Parameter{index=7, type=java.lang.String, declaredAnnotations=[]}, Parameter{index=8, type=java.lang.String, declaredAnnotations=[]}, Parameter{index=9, type=java.lang.String, declaredAnnotations=[]}, Parameter{index=10, type=java.lang.String, declaredAnnotations=[]}, Parameter{index=11, type=java.lang.String, declaredAnnotations=[]}, Parameter{index=12, type=java.lang.String, declaredAnnotations=[]}, Parameter{index=13, type=java.lang.String, declaredAnnotations=[]}, Parameter{index=14, type=java.lang.String, declaredAnnotations=[]}, Parameter{index=15, type=java.lang.String, declaredAnnotations=[]}, Parameter{index=16, type=java.lang.String, declaredAnnotations=[]}, Parameter{index=17, type=java.lang.String, declaredAnnotations=[]}])
Arguments: [(java.lang.String) Frank,(java.lang.String) Scale,(java.lang.String) Mr.,(java.lang.String) 9.999988888E9,(java.lang.String) 8.888877777E9,(java.lang.String) Shubham@gmail.com,(java.lang.String) Ring Road,(java.lang.String) New Jersey,(java.lang.String) New Jersey,(java.lang.String) United States,(java.lang.String) 110001.0,(java.lang.String) CEO,(java.lang.String) 7.777766666E9,(java.lang.String) HRO,(java.lang.String) T.Kelly,(java.lang.String) Scale: 2,(java.lang.String) Testing Sample,(java.lang.String) P&G,(java.lang.String) T&G,(java.lang.String) ]
at java.util.ArrayList.forEach(ArrayList.java:1257)
... Removed 22 stack frames]]>
    </failure>
  </testcase> <!-- AddContact -->
</testsuite> <!-- ClientContactInfo1 -->
